EXIT code: 1
node:internal/process/signal:36
      throw new ErrnoException(err, 'uv_signal_start');
      ^

Error: uv_signal_start EINVAL
    at process.startListeningIfSignal (node:internal/process/signal:36:13)
    at process.emit (node:events:521:24)
    at _addListener (node:events:555:14)
    at process.addListener (node:events:608:10)
    at [eval]:4:13
    at runScriptInThisContext (node:internal/vm:219:10)
    at node:internal/process/execution:451:12
    at [eval]-wrapper:6:24
    at runScriptInContext (node:internal/process/execution:449:60)
    at evalFunction (node:internal/process/execution:283:30) {
  errno: -22,
  code: 'EINVAL',
  syscall: 'uv_signal_start'
}

Node.js v24.15.0
