▲ Next.js 16.1.3
- Local:         http://localhost:3002
- Network:       http://0.0.0.0:3002

✓ Starting...
✓ Ready in 62ms
▲ Next.js 16.1.3
- Local:         http://localhost:3002
- Network:       http://0.0.0.0:3002

✓ Starting...
✓ Ready in 66ms
▲ Next.js 16.1.3
- Local:         http://localhost:3002
- Network:       http://0.0.0.0:3002

✓ Starting...
✓ Ready in 62ms
▲ Next.js 16.1.3
- Local:         http://localhost:3002
- Network:       http://0.0.0.0:3002

✓ Starting...
✓ Ready in 77ms
▲ Next.js 16.1.3
- Local:         http://localhost:3000
- Network:       http://0.0.0.0:3000

✓ Starting...
✓ Ready in 65ms
▲ Next.js 16.1.3
- Local:         http://localhost:3000
- Network:       http://0.0.0.0:3000

✓ Starting...
✓ Ready in 67ms
▲ Next.js 16.1.3
- Local:         http://localhost:3000
- Network:       http://0.0.0.0:3000

✓ Starting...
✓ Ready in 75ms
