2026-07-02 17:37:02 +00:00: ⨯ Failed to start server
2026-07-02 17:37:02 +00:00: Error: listen EADDRINUSE: address already in use :::3000
2026-07-02 17:37:02 +00:00:     at <unknown> (Error: listen EADDRINUSE: address already in use :::3000)
2026-07-02 17:37:02 +00:00:     at new Promise (<anonymous>) {
2026-07-02 17:37:02 +00:00:   code: 'EADDRINUSE',
2026-07-02 17:37:02 +00:00:   errno: -98,
2026-07-02 17:37:02 +00:00:   syscall: 'listen',
2026-07-02 17:37:02 +00:00:   address: '::',
2026-07-02 17:37:02 +00:00:   port: 3000
2026-07-02 17:37:02 +00:00: }
2026-07-02 17:37:07 +00:00: ⨯ Failed to start server
2026-07-02 17:37:07 +00:00: Error: listen EADDRINUSE: address already in use :::3000
2026-07-02 17:37:07 +00:00:     at <unknown> (Error: listen EADDRINUSE: address already in use :::3000)
2026-07-02 17:37:07 +00:00:     at new Promise (<anonymous>) {
2026-07-02 17:37:07 +00:00:   code: 'EADDRINUSE',
2026-07-02 17:37:07 +00:00:   errno: -98,
2026-07-02 17:37:07 +00:00:   syscall: 'listen',
2026-07-02 17:37:07 +00:00:   address: '::',
2026-07-02 17:37:07 +00:00:   port: 3000
2026-07-02 17:37:07 +00:00: }
2026-07-02 17:37:13 +00:00: ⨯ Failed to start server
2026-07-02 17:37:13 +00:00: Error: listen EADDRINUSE: address already in use :::3000
2026-07-02 17:37:13 +00:00:     at <unknown> (Error: listen EADDRINUSE: address already in use :::3000)
2026-07-02 17:37:13 +00:00:     at new Promise (<anonymous>) {
2026-07-02 17:37:13 +00:00:   code: 'EADDRINUSE',
2026-07-02 17:37:13 +00:00:   errno: -98,
2026-07-02 17:37:13 +00:00:   syscall: 'listen',
2026-07-02 17:37:13 +00:00:   address: '::',
2026-07-02 17:37:13 +00:00:   port: 3000
2026-07-02 17:37:13 +00:00: }
2026-07-02 17:37:19 +00:00: ⨯ Failed to start server
2026-07-02 17:37:19 +00:00: Error: listen EADDRINUSE: address already in use :::3000
2026-07-02 17:37:19 +00:00:     at <unknown> (Error: listen EADDRINUSE: address already in use :::3000)
2026-07-02 17:37:19 +00:00:     at new Promise (<anonymous>) {
2026-07-02 17:37:19 +00:00:   code: 'EADDRINUSE',
2026-07-02 17:37:19 +00:00:   errno: -98,
2026-07-02 17:37:19 +00:00:   syscall: 'listen',
2026-07-02 17:37:19 +00:00:   address: '::',
2026-07-02 17:37:19 +00:00:   port: 3000
2026-07-02 17:37:19 +00:00: }
2026-07-02 17:37:24 +00:00: ⨯ Failed to start server
2026-07-02 17:37:24 +00:00: Error: listen EADDRINUSE: address already in use :::3000
2026-07-02 17:37:24 +00:00:     at <unknown> (Error: listen EADDRINUSE: address already in use :::3000)
2026-07-02 17:37:24 +00:00:     at new Promise (<anonymous>) {
2026-07-02 17:37:24 +00:00:   code: 'EADDRINUSE',
2026-07-02 17:37:24 +00:00:   errno: -98,
2026-07-02 17:37:24 +00:00:   syscall: 'listen',
2026-07-02 17:37:24 +00:00:   address: '::',
2026-07-02 17:37:24 +00:00:   port: 3000
2026-07-02 17:37:24 +00:00: }
2026-07-02 17:37:35 +00:00: Error: Could not find a production build in the '.next' directory. Try building your app with 'next build' before starting the production server. https://nextjs.org/docs/messages/production-start-no-build-id
2026-07-02 17:37:35 +00:00:     at ignore-listed frames
2026-07-02 17:37:41 +00:00: Error: Could not find a production build in the '.next' directory. Try building your app with 'next build' before starting the production server. https://nextjs.org/docs/messages/production-start-no-build-id
2026-07-02 17:37:41 +00:00:     at ignore-listed frames
2026-07-02 17:37:47 +00:00: Error: Could not find a production build in the '.next' directory. Try building your app with 'next build' before starting the production server. https://nextjs.org/docs/messages/production-start-no-build-id
2026-07-02 17:37:47 +00:00:     at ignore-listed frames
2026-07-02 17:38:17 +00:00: ⚠ "next start" does not work with "output: standalone" configuration. Use "node .next/standalone/server.js" instead.
