2026-06-01 05:34:00 +00:00: ▲ Next.js 16.1.3
2026-06-01 05:34:00 +00:00: - Local:         http://localhost:3000
2026-06-01 05:34:00 +00:00: - Network:       http://21.0.3.198:3000
2026-06-01 05:34:00 +00:00: 
2026-06-01 05:34:00 +00:00: ✓ Starting...
2026-06-01 05:34:01 +00:00: ✓ Ready in 627ms
2026-06-01 05:56:26 +00:00: ▲ Next.js 16.1.3
2026-06-01 05:56:26 +00:00: - Local:         http://localhost:3000
2026-06-01 05:56:26 +00:00: - Network:       http://21.0.3.198:3000
2026-06-01 05:56:26 +00:00: 
2026-06-01 05:56:26 +00:00: ✓ Starting...
2026-06-01 05:56:26 +00:00: ✓ Ready in 673ms
2026-06-01 06:22:15 +00:00: ▲ Next.js 16.1.3
2026-06-01 06:22:15 +00:00: - Local:         http://localhost:3000
2026-06-01 06:22:15 +00:00: - Network:       http://21.0.3.198:3000
2026-06-01 06:22:15 +00:00: 
2026-06-01 06:22:15 +00:00: ✓ Starting...
2026-06-01 06:22:15 +00:00: ✓ Ready in 614ms
2026-06-01 06:23:02 +00:00: ▲ Next.js 16.1.3
2026-06-01 06:23:02 +00:00: - Local:         http://localhost:3000
2026-06-01 06:23:02 +00:00: - Network:       http://21.0.3.198:3000
2026-06-01 06:23:02 +00:00: 
2026-06-01 06:23:02 +00:00: ✓ Starting...
2026-06-01 06:23:02 +00:00: ✓ Ready in 671ms
2026-06-01 06:25:34 +00:00: ▲ Next.js 16.1.3
2026-06-01 06:25:34 +00:00: - Local:         http://localhost:3000
2026-06-01 06:25:34 +00:00: - Network:       http://21.0.3.198:3000
2026-06-01 06:25:34 +00:00: 
2026-06-01 06:25:34 +00:00: ✓ Starting...
2026-06-01 06:25:34 +00:00: ✓ Ready in 596ms
2026-06-01 06:26:29 +00:00: ▲ Next.js 16.1.3
2026-06-01 06:26:29 +00:00: - Local:         http://localhost:3000
2026-06-01 06:26:29 +00:00: - Network:       http://21.0.3.198:3000
2026-06-01 06:26:29 +00:00: 
2026-06-01 06:26:29 +00:00: ✓ Starting...
2026-06-01 06:26:30 +00:00: ✓ Ready in 706ms
2026-06-01 06:38:54 +00:00: ▲ Next.js 16.1.3
2026-06-01 06:38:54 +00:00: - Local:         http://localhost:3000
2026-06-01 06:38:54 +00:00: - Network:       http://21.0.3.198:3000
2026-06-01 06:38:54 +00:00: 
2026-06-01 06:38:54 +00:00: ✓ Starting...
2026-06-01 06:38:55 +00:00: ✓ Ready in 596ms
2026-06-01 06:40:03 +00:00: ▲ Next.js 16.1.3
2026-06-01 06:40:03 +00:00: - Local:         http://localhost:3000
2026-06-01 06:40:03 +00:00: - Network:       http://21.0.3.198:3000
2026-06-01 06:40:03 +00:00: 
2026-06-01 06:40:03 +00:00: ✓ Starting...
2026-06-01 06:40:04 +00:00: ✓ Ready in 714ms
2026-06-01 07:02:29 +00:00: ▲ Next.js 16.1.3
2026-06-01 07:02:29 +00:00: - Local:         http://localhost:3000
2026-06-01 07:02:29 +00:00: - Network:       http://21.0.3.198:3000
2026-06-01 07:02:29 +00:00: 
2026-06-01 07:02:29 +00:00: ✓ Starting...
2026-06-01 07:02:29 +00:00: ✓ Ready in 663ms
2026-06-01 07:04:25 +00:00: ▲ Next.js 16.1.3
2026-06-01 07:04:25 +00:00: - Local:         http://localhost:3000
2026-06-01 07:04:25 +00:00: - Network:       http://21.0.3.198:3000
2026-06-01 07:04:25 +00:00: 
2026-06-01 07:04:25 +00:00: ✓ Starting...
2026-06-01 07:04:26 +00:00: ✓ Ready in 630ms
2026-06-01 08:09:50 +00:00: ▲ Next.js 16.1.3
2026-06-01 08:09:50 +00:00: - Local:         http://localhost:3000
2026-06-01 08:09:50 +00:00: - Network:       http://21.0.3.198:3000
2026-06-01 08:09:50 +00:00: 
2026-06-01 08:09:50 +00:00: ✓ Starting...
2026-06-01 08:09:50 +00:00: ✓ Ready in 647ms
2026-06-01 08:15:36 +00:00: ▲ Next.js 16.1.3
2026-06-01 08:15:36 +00:00: - Local:         http://localhost:3000
2026-06-01 08:15:36 +00:00: - Network:       http://21.0.3.198:3000
2026-06-01 08:15:36 +00:00: 
2026-06-01 08:15:36 +00:00: ✓ Starting...
2026-06-01 08:15:36 +00:00: ✓ Ready in 653ms
2026-06-01 08:52:20 +00:00: ▲ Next.js 16.1.3
2026-06-01 08:52:20 +00:00: - Local:         http://localhost:3000
2026-06-01 08:52:20 +00:00: - Network:       http://21.0.3.198:3000
2026-06-01 08:52:20 +00:00: 
2026-06-01 08:52:20 +00:00: ✓ Starting...
2026-06-01 08:52:20 +00:00: ✓ Ready in 683ms
2026-06-01 09:01:27 +00:00: ▲ Next.js 16.1.3
2026-06-01 09:01:27 +00:00: - Local:         http://localhost:3000
2026-06-01 09:01:27 +00:00: - Network:       http://21.0.3.198:3000
2026-06-01 09:01:27 +00:00: 
2026-06-01 09:01:27 +00:00: ✓ Starting...
2026-06-01 09:01:28 +00:00: ✓ Ready in 676ms
2026-06-01 09:31:51 +00:00: ▲ Next.js 16.1.3
2026-06-01 09:31:51 +00:00: - Local:         http://localhost:3000
2026-06-01 09:31:51 +00:00: - Network:       http://21.0.3.198:3000
2026-06-01 09:31:51 +00:00: 
2026-06-01 09:31:51 +00:00: ✓ Starting...
2026-06-01 09:31:51 +00:00: ✓ Ready in 668ms
